2024-09-02 14:42:17,818 - INFO - order_service.py:235 - Successfully placed a market unknown order for 10 USDC of DRIFT.
2024-09-02 14:42:17,819 - DEBUG - order_service.py:243 - Coinbase response: {'success': True, 'failure_reason': 'UNKNOWN_FAILURE_REASON', 'order_id': 'cb42824f-5181-45de-b690-e850f5376226', 'success_response': {'order_id': 'cb42824f-5181-45de-b690-e850f5376226', 'product_id': 'DRIFT-USDC', 'side': 'BUY', 'client_order_id': '2516c19f-ef29-442e-9b89-b3f4349af415', 'attached_order_id': ''}, 'order_configuration': {'market_market_ioc': {'quote_size': '10'}}}
2024-09-02 15:03:36,211 - INFO - order_service.py:235 - Successfully placed a market unknown order for 5 USDC of DRIFT.
2024-09-02 15:03:36,211 - DEBUG - order_service.py:243 - Coinbase response: {'success': True, 'failure_reason': 'UNKNOWN_FAILURE_REASON', 'order_id': 'ead688c3-af1c-4177-8fdb-14e2c4dfd6da', 'success_response': {'order_id': 'ead688c3-af1c-4177-8fdb-14e2c4dfd6da', 'product_id': 'DRIFT-USDC', 'side': 'BUY', 'client_order_id': 'edd6b773-1e38-4bb9-9698-77122bd6c0f9', 'attached_order_id': ''}, 'order_configuration': {'market_market_ioc': {'quote_size': '5'}}}
2024-09-02 15:16:53,611 - INFO - order_service.py:235 - Successfully placed a market unknown order for 10 USDC of SOL.
2024-09-02 15:16:53,611 - DEBUG - order_service.py:243 - Coinbase response: {'success': True, 'failure_reason': 'UNKNOWN_FAILURE_REASON', 'order_id': '61d892b4-d179-41d5-97ce-0b9b190bac0a', 'success_response': {'order_id': '61d892b4-d179-41d5-97ce-0b9b190bac0a', 'product_id': 'SOL-USDC', 'side': 'BUY', 'client_order_id': 'e8419da2-cd7f-4078-812b-60206dbccbbb', 'attached_order_id': ''}, 'order_configuration': {'market_market_ioc': {'quote_size': '10'}}}
2024-09-02 15:17:05,025 - INFO - order_service.py:235 - Successfully placed a market unknown order for 10 USDC of SOL.
2024-09-02 15:17:05,026 - DEBUG - order_service.py:243 - Coinbase response: {'success': True, 'failure_reason': 'UNKNOWN_FAILURE_REASON', 'order_id': '13ca332c-acab-4d73-9b75-5c10ed6b89ae', 'success_response': {'order_id': '13ca332c-acab-4d73-9b75-5c10ed6b89ae', 'product_id': 'SOL-USDC', 'side': 'BUY', 'client_order_id': '28ed1f0d-b65c-4a42-a932-bbd11952ee0f', 'attached_order_id': ''}, 'order_configuration': {'market_market_ioc': {'quote_size': '10'}}}
2024-09-02 17:00:17,718 - INFO - order_service.py:235 - Successfully placed a market unknown order for 5 USDC of DRIFT.
2024-09-02 17:00:17,719 - DEBUG - order_service.py:243 - Coinbase response: {'success': True, 'failure_reason': 'UNKNOWN_FAILURE_REASON', 'order_id': '0274caa0-86ec-4a5e-956c-67e5abe5b1c8', 'success_response': {'order_id': '0274caa0-86ec-4a5e-956c-67e5abe5b1c8', 'product_id': 'DRIFT-USDC', 'side': 'BUY', 'client_order_id': 'c1d58bb2-2de6-4c0c-98f5-3ad28dc8f16d', 'attached_order_id': ''}, 'order_configuration': {'market_market_ioc': {'quote_size': '5'}}}
2024-09-02 17:05:05,158 - INFO - order_service.py:235 - Successfully placed a market unknown order for 10 USDC of ETH.
2024-09-02 17:05:05,159 - DEBUG - order_service.py:243 - Coinbase response: {'success': True, 'failure_reason': 'UNKNOWN_FAILURE_REASON', 'order_id': 'a80f6e87-855c-407f-a948-4416c4238c72', 'success_response': {'order_id': 'a80f6e87-855c-407f-a948-4416c4238c72', 'product_id': 'ETH-USDC', 'side': 'BUY', 'client_order_id': 'b95234ba-e12d-4b9c-803d-d7104b301a14', 'attached_order_id': ''}, 'order_configuration': {'market_market_ioc': {'quote_size': '10'}}}
2024-09-02 23:56:45,134 - INFO - order_service.py:235 - Successfully placed a market unknown order for 5 USDC of TVK.
2024-09-02 23:56:45,135 - DEBUG - order_service.py:243 - Coinbase response: {'success': True, 'failure_reason': 'UNKNOWN_FAILURE_REASON', 'order_id': 'f2c0a065-0b52-476a-9854-1755cbcb079d', 'success_response': {'order_id': 'f2c0a065-0b52-476a-9854-1755cbcb079d', 'product_id': 'TVK-USDC', 'side': 'BUY', 'client_order_id': 'd069c87a-aa8a-4bac-9652-f8cd28c33b9b', 'attached_order_id': ''}, 'order_configuration': {'market_market_ioc': {'quote_size': '5'}}}
2024-09-03 06:24:23,059 - INFO - order_service.py:235 - Successfully placed a market unknown order for 10 USDC of DRIFT.
2024-09-03 06:24:23,059 - DEBUG - order_service.py:243 - Coinbase response: {'success': True, 'failure_reason': 'UNKNOWN_FAILURE_REASON', 'order_id': '7afd86d9-7eae-47f9-80ed-cbd9e86e132d', 'success_response': {'order_id': '7afd86d9-7eae-47f9-80ed-cbd9e86e132d', 'product_id': 'DRIFT-USDC', 'side': 'BUY', 'client_order_id': 'c95f03ba-5c82-417b-a015-d2473a1f5e09', 'attached_order_id': ''}, 'order_configuration': {'market_market_ioc': {'quote_size': '10'}}}
2024-09-03 06:26:09,844 - INFO - order_service.py:235 - Successfully placed a market unknown order for 5 USDC of XRP.
2024-09-03 06:26:09,844 - DEBUG - order_service.py:243 - Coinbase response: {'success': True, 'failure_reason': 'UNKNOWN_FAILURE_REASON', 'order_id': '90e15551-38a1-4cf2-8815-4ef02a7a383f', 'success_response': {'order_id': '90e15551-38a1-4cf2-8815-4ef02a7a383f', 'product_id': 'XRP-USDC', 'side': 'BUY', 'client_order_id': '59cca3d9-8275-41e7-8a70-e01475a720f2', 'attached_order_id': ''}, 'order_configuration': {'market_market_ioc': {'quote_size': '5'}}}
2024-09-03 06:47:22,627 - INFO - order_service.py:235 - Successfully placed a market unknown order for 5 USDC of TVK.
2024-09-03 06:47:22,628 - DEBUG - order_service.py:243 - Coinbase response: {'success': True, 'failure_reason': 'UNKNOWN_FAILURE_REASON', 'order_id': '7c509282-1c6a-437d-924b-925246878b9c', 'success_response': {'order_id': '7c509282-1c6a-437d-924b-925246878b9c', 'product_id': 'TVK-USDC', 'side': 'BUY', 'client_order_id': 'cf3eb1b8-7f7b-428f-8458-86fa0016478a', 'attached_order_id': ''}, 'order_configuration': {'market_market_ioc': {'quote_size': '5'}}}
2024-09-03 07:03:23,003 - INFO - order_service.py:235 - Successfully placed a market unknown order for 10 USDC of TVK.
2024-09-03 07:03:23,004 - DEBUG - order_service.py:243 - Coinbase response: {'success': True, 'failure_reason': 'UNKNOWN_FAILURE_REASON', 'order_id': '0d231d9a-6171-4e0b-843a-8c530c8ef39c', 'success_response': {'order_id': '0d231d9a-6171-4e0b-843a-8c530c8ef39c', 'product_id': 'TVK-USDC', 'side': 'BUY', 'client_order_id': '3bdeeed8-ff2d-4ec6-b7b9-4d65d349f719', 'attached_order_id': ''}, 'order_configuration': {'market_market_ioc': {'quote_size': '10'}}}
2024-09-03 08:26:58,063 - INFO - order_service.py:235 - Successfully placed a market unknown order for 10 USDC of SOL.
2024-09-03 08:26:58,063 - DEBUG - order_service.py:243 - Coinbase response: {'success': True, 'failure_reason': 'UNKNOWN_FAILURE_REASON', 'order_id': 'fdd3fe0b-6e30-4da8-9289-01a3ab06c9a4', 'success_response': {'order_id': 'fdd3fe0b-6e30-4da8-9289-01a3ab06c9a4', 'product_id': 'SOL-USDC', 'side': 'BUY', 'client_order_id': 'a7049110-3eed-412d-8133-79a67acace54', 'attached_order_id': ''}, 'order_configuration': {'market_market_ioc': {'quote_size': '10'}}}
2024-11-10 14:39:22,278 - INFO - order_service.py:305 - Successfully placed a limit buy order for 0.00006667 BTC ($5.00) at a price of 75000.00 USDC.
2024-11-10 14:39:22,280 - DEBUG - order_service.py:313 - Coinbase response: {'success': True, 'success_response': {'order_id': 'fb887944-9a9a-4807-832c-af2c6944bef5', 'product_id': 'BTC-USDC', 'side': 'BUY', 'client_order_id': '8a5849ab-e6ea-4df2-8f0b-f73367d77b10', 'attached_order_id': ''}, 'order_configuration': {'limit_limit_gtc': {'base_size': '0.00006667', 'limit_price': '75000.00', 'post_only': False}}}
2024-11-10 14:39:22,633 - INFO - order_service.py:305 - Successfully placed a limit sell order for 0.00006667 BTC ($5.00) at a price of 75000.00 USDC.
2024-11-10 14:39:22,634 - DEBUG - order_service.py:313 - Coinbase response: {'success': True, 'success_response': {'order_id': '66d70d40-78e3-40f3-b83d-ee406e0b0035', 'product_id': 'BTC-USDC', 'side': 'SELL', 'client_order_id': 'c2bdaf8f-c54e-433a-a73a-1243247c1894', 'attached_order_id': ''}, 'order_configuration': {'limit_limit_gtc': {'base_size': '0.00006667', 'limit_price': '75000.00', 'post_only': False}}}
2024-11-10 15:07:09,557 - INFO - order_service.py:305 - Successfully placed a limit buy order for 22.1 DOGE ($6.01) at a price of 0.27188 USDC.
2024-11-10 15:07:09,558 - DEBUG - order_service.py:313 - Coinbase response: {'success': True, 'success_response': {'order_id': '1b5964f7-7ef2-4eff-944e-8e2f3bd7261f', 'product_id': 'DOGE-USDC', 'side': 'BUY', 'client_order_id': '66ff22fe-4b5c-4ffa-b6a4-b59f857db412', 'attached_order_id': ''}, 'order_configuration': {'limit_limit_gtc': {'base_size': '22.1', 'limit_price': '0.27188', 'post_only': False}}}
2024-11-10 15:24:36,050 - INFO - order_service.py:305 - Successfully placed a limit sell order for 0.41 LINK ($5.86) at a price of 14.301 USDC.
2024-11-10 15:24:36,051 - DEBUG - order_service.py:313 - Coinbase response: {'success': True, 'success_response': {'order_id': 'f8baeaad-5cca-4895-b5bb-a2537f582c55', 'product_id': 'LINK-USDC', 'side': 'SELL', 'client_order_id': 'a4baa0a7-a511-423f-91c2-46d5d5be177b', 'attached_order_id': ''}, 'order_configuration': {'limit_limit_gtc': {'base_size': '0.41', 'limit_price': '14.301', 'post_only': False}}}
2024-11-10 15:30:28,106 - INFO - order_service.py:305 - Successfully placed a limit sell order for 0.20 LINK ($2.87) at a price of 14.337 USDC.
2024-11-10 15:30:28,106 - DEBUG - order_service.py:313 - Coinbase response: {'success': True, 'success_response': {'order_id': '91d2eb88-e6bf-4613-8af6-577b7800aa89', 'product_id': 'LINK-USDC', 'side': 'SELL', 'client_order_id': 'cf362d70-7889-4549-b5ff-9b0fd4dcda41', 'attached_order_id': ''}, 'order_configuration': {'limit_limit_gtc': {'base_size': '0.20', 'limit_price': '14.337', 'post_only': False}}}
2024-11-10 15:41:15,651 - INFO - order_service.py:305 - Successfully placed a limit sell order for 0.01252366 ETH ($39.44) at a price of 3149.24 USDC.
2024-11-10 15:41:15,652 - DEBUG - order_service.py:313 - Coinbase response: {'success': True, 'success_response': {'order_id': '6f281cc8-7d62-4532-98ec-68a313f49395', 'product_id': 'ETH-USDC', 'side': 'SELL', 'client_order_id': 'a1a8a22e-1612-4647-bfa9-a3a6f5bad541', 'attached_order_id': ''}, 'order_configuration': {'limit_limit_gtc': {'base_size': '0.01252366', 'limit_price': '3149.24', 'post_only': False}}}
2024-11-10 15:43:29,446 - INFO - order_service.py:305 - Successfully placed a limit sell order for 4.75373262 ADA ($2.77) at a price of 0.5827 USDC.
2024-11-10 15:43:29,446 - DEBUG - order_service.py:313 - Coinbase response: {'success': True, 'success_response': {'order_id': 'a9347bca-cb6c-4e0e-8a78-a43324bc696e', 'product_id': 'ADA-USDC', 'side': 'SELL', 'client_order_id': 'c7ade76f-f250-47f1-b000-a4c8e064ab41', 'attached_order_id': ''}, 'order_configuration': {'limit_limit_gtc': {'base_size': '4.75373262', 'limit_price': '0.5827', 'post_only': False}}}
2024-11-10 15:43:38,522 - INFO - order_service.py:305 - Successfully placed a limit sell order for 3.17487558 ADA ($1.85) at a price of 0.5827 USDC.
2024-11-10 15:43:38,523 - DEBUG - order_service.py:313 - Coinbase response: {'success': True, 'success_response': {'order_id': '3e347e92-e910-46e6-9cf1-04ec18396e7e', 'product_id': 'ADA-USDC', 'side': 'SELL', 'client_order_id': '5d0c7533-7d1d-4a00-9701-4d8a671c2ef2', 'attached_order_id': ''}, 'order_configuration': {'limit_limit_gtc': {'base_size': '3.17487558', 'limit_price': '0.5827', 'post_only': False}}}
2024-11-10 15:44:22,964 - INFO - order_service.py:305 - Successfully placed a limit sell order for 4058 SPELL ($2.86) at a price of 0.0007048 USDC.
2024-11-10 15:44:22,964 - DEBUG - order_service.py:313 - Coinbase response: {'success': True, 'success_response': {'order_id': 'd85fbe75-0967-4fca-a71f-f47de8b15589', 'product_id': 'SPELL-USDC', 'side': 'SELL', 'client_order_id': '3e52e5d9-a92f-4b05-bfc2-1fcc5423b0f3', 'attached_order_id': ''}, 'order_configuration': {'limit_limit_gtc': {'base_size': '4058', 'limit_price': '0.0007048', 'post_only': False}}}
2024-11-10 15:44:32,383 - INFO - order_service.py:305 - Successfully placed a limit sell order for 2682 SPELL ($1.89) at a price of 0.0007048 USDC.
2024-11-10 15:44:32,383 - DEBUG - order_service.py:313 - Coinbase response: {'success': True, 'success_response': {'order_id': 'f666584a-b2a9-4d83-a5f2-08559cc02681', 'product_id': 'SPELL-USDC', 'side': 'SELL', 'client_order_id': '4f70cc1f-739f-41f1-8550-ff11b8fded73', 'attached_order_id': ''}, 'order_configuration': {'limit_limit_gtc': {'base_size': '2682', 'limit_price': '0.0007048', 'post_only': False}}}
2024-11-10 15:44:41,331 - INFO - order_service.py:305 - Successfully placed a limit sell order for 4001 SPELL ($2.82) at a price of 0.0007048 USDC.
2024-11-10 15:44:41,331 - DEBUG - order_service.py:313 - Coinbase response: {'success': True, 'success_response': {'order_id': '81b07f80-fe55-45d7-bfcc-e2a38adf4d93', 'product_id': 'SPELL-USDC', 'side': 'SELL', 'client_order_id': 'd58e8831-6efe-41e2-a8b4-0eaee46cf79e', 'attached_order_id': ''}, 'order_configuration': {'limit_limit_gtc': {'base_size': '4001', 'limit_price': '0.0007048', 'post_only': False}}}
2024-11-10 15:45:04,009 - INFO - order_service.py:305 - Successfully placed a limit sell order for 0.41 LINK ($5.81) at a price of 14.170 USDC.
2024-11-10 15:45:04,009 - DEBUG - order_service.py:313 - Coinbase response: {'success': True, 'success_response': {'order_id': '0b127796-1d76-4746-8f74-caf33c80fc4f', 'product_id': 'LINK-USDC', 'side': 'SELL', 'client_order_id': 'debffe51-f987-496a-b571-06c7dabe094a', 'attached_order_id': ''}, 'order_configuration': {'limit_limit_gtc': {'base_size': '0.41', 'limit_price': '14.170', 'post_only': False}}}
2024-11-10 15:48:17,823 - INFO - order_service.py:305 - Successfully placed a limit sell order for 23.1 RARE ($2.92) at a price of 0.1264 USDC.
2024-11-10 15:48:17,823 - DEBUG - order_service.py:313 - Coinbase response: {'success': True, 'success_response': {'order_id': 'db480197-6810-42de-80fb-10c55324fa4c', 'product_id': 'RARE-USDC', 'side': 'SELL', 'client_order_id': '09fdf831-5a4d-437e-b5d5-adb82e0b104f', 'attached_order_id': ''}, 'order_configuration': {'limit_limit_gtc': {'base_size': '23.1', 'limit_price': '0.1264', 'post_only': False}}}
2024-11-10 16:13:26,799 - INFO - order_service.py:305 - Successfully placed a limit sell order for 0.00623046 ETH ($19.13) at a price of 3070.40 USDC.
2024-11-10 16:13:26,799 - DEBUG - order_service.py:313 - Coinbase response: {'success': True, 'success_response': {'order_id': 'a227dc95-982b-4d65-8055-0e55b516aa1a', 'product_id': 'ETH-USDC', 'side': 'SELL', 'client_order_id': '2236da1d-e91e-4963-a397-c38a91e3b003', 'attached_order_id': ''}, 'order_configuration': {'limit_limit_gtc': {'base_size': '0.00623046', 'limit_price': '3070.40', 'post_only': False}}}
2024-11-10 16:13:57,497 - INFO - order_service.py:305 - Successfully placed a limit sell order for 0.40318236 SOL ($80.83) at a price of 200.48 USDC.
2024-11-10 16:13:57,497 - DEBUG - order_service.py:313 - Coinbase response: {'success': True, 'success_response': {'order_id': 'c24f4cb7-7921-459c-8738-3c2b6359ee2c', 'product_id': 'SOL-USDC', 'side': 'SELL', 'client_order_id': '106d1bc7-3b13-43fa-bb0a-d2eda3507c94', 'attached_order_id': ''}, 'order_configuration': {'limit_limit_gtc': {'base_size': '0.40318236', 'limit_price': '200.48', 'post_only': False}}}
2024-11-10 16:14:25,196 - INFO - order_service.py:305 - Successfully placed a limit sell order for 33.01 POL ($12.79) at a price of 0.3875 USDC.
2024-11-10 16:14:25,196 - DEBUG - order_service.py:313 - Coinbase response: {'success': True, 'success_response': {'order_id': 'a6d8f32a-2954-435c-b895-953f0f046b57', 'product_id': 'POL-USDC', 'side': 'SELL', 'client_order_id': '384b704d-ded8-4e43-85d3-35dde34e34e7', 'attached_order_id': ''}, 'order_configuration': {'limit_limit_gtc': {'base_size': '33.01', 'limit_price': '0.3875', 'post_only': False}}}
2024-11-10 16:14:54,313 - INFO - order_service.py:305 - Successfully placed a limit sell order for 0.212 MPL ($5.65) at a price of 26.65 USDC.
2024-11-10 16:14:54,313 - DEBUG - order_service.py:313 - Coinbase response: {'success': True, 'success_response': {'order_id': '1598d4ac-a450-4616-8a4b-38532ed5d99b', 'product_id': 'MPL-USDC', 'side': 'SELL', 'client_order_id': '6a1878e8-0d47-42d4-ab54-5c13c39f979c', 'attached_order_id': ''}, 'order_configuration': {'limit_limit_gtc': {'base_size': '0.212', 'limit_price': '26.65', 'post_only': False}}}
2024-11-10 16:15:06,211 - INFO - order_service.py:305 - Successfully placed a limit sell order for 0.209 MPL ($5.57) at a price of 26.65 USDC.
2024-11-10 16:15:06,211 - DEBUG - order_service.py:313 - Coinbase response: {'success': True, 'success_response': {'order_id': 'e5b49a8a-0dbd-4cf0-a4df-d4d84d83665d', 'product_id': 'MPL-USDC', 'side': 'SELL', 'client_order_id': 'da810667-06f1-493b-a329-1ea5fde93a27', 'attached_order_id': ''}, 'order_configuration': {'limit_limit_gtc': {'base_size': '0.209', 'limit_price': '26.65', 'post_only': False}}}
2024-11-10 16:16:30,498 - INFO - order_service.py:305 - Successfully placed a limit sell order for 1.258 NEAR ($5.77) at a price of 4.586 USDC.
2024-11-10 16:16:30,498 - DEBUG - order_service.py:313 - Coinbase response: {'success': True, 'success_response': {'order_id': 'e3fb2a64-aad7-4403-a307-dfc05072d210', 'product_id': 'NEAR-USDC', 'side': 'SELL', 'client_order_id': 'f78d0d7d-9cda-4729-8935-f4b351808080', 'attached_order_id': ''}, 'order_configuration': {'limit_limit_gtc': {'base_size': '1.258', 'limit_price': '4.586', 'post_only': False}}}
